<?xml version="1.0" encoding="UTF-8"?>
<testng-results skipped="0" failed="1" total="1" passed="0">
  <reporter-output>
  </reporter-output>
  <suite name="Default suite" duration-ms="77193" started-at="2016-06-30T10:24:14Z" finished-at="2016-06-30T10:25:31Z">
    <groups>
    </groups>
    <test name="Default test" duration-ms="77193" started-at="2016-06-30T10:24:14Z" finished-at="2016-06-30T10:25:31Z">
      <class name="Sikuli_WindowsConcpets.Sukuli_Mail_Attachment">
        <test-method status="FAIL" signature="MailWithAttachemnt()[pri:0, instance:Sikuli_WindowsConcpets.Sukuli_Mail_Attachment@1765ab3]" name="MailWithAttachemnt" duration-ms="77181" started-at="2016-06-30T15:54:14Z" finished-at="2016-06-30T15:55:31Z">
          <exception class="org.sikuli.script.FindFailed">
            <message>
              <![CDATA[can not find P(C:\WorkSpaces\Dheera\WebDriverConceptsOnly\Sikuli_Images\Gmailsubject.png) S: 0.7 on the screen.]]>
            </message>
            <full-stacktrace>
              <![CDATA[FindFailed: can not find P(C:\WorkSpaces\Dheera\WebDriverConceptsOnly\Sikuli_Images\Gmailsubject.png) S: 0.7 on the screen.
  Line 1574, in file Region.java

	at org.sikuli.script.Region.handleFindFailed(Region.java:1574)
	at org.sikuli.script.Region.wait(Region.java:1682)
	at org.sikuli.script.Region.find(Region.java:1590)
	at org.sikuli.script.Region.getLocationFromTarget(Region.java:1991)
	at org.sikuli.script.Region.click(Region.java:2197)
	at org.sikuli.script.Region.keyin(Region.java:2718)
	at org.sikuli.script.Region.type(Region.java:2678)
	at Sikuli_WindowsConcpets.Sukuli_Mail_Attachment.MailWithAttachemnt(Sukuli_Mail_Attachment.java:64)
	at sun.reflect.NativeMethodAccessorImpl.invoke0(Native Method)
	at sun.reflect.NativeMethodAccessorImpl.invoke(Unknown Source)
	at sun.reflect.DelegatingMethodAccessorImpl.invoke(Unknown Source)
	at java.lang.reflect.Method.invoke(Unknown Source)
	at org.testng.internal.MethodInvocationHelper.invokeMethod(MethodInvocationHelper.java:85)
	at org.testng.internal.Invoker.invokeMethod(Invoker.java:639)
	at org.testng.internal.Invoker.invokeTestMethod(Invoker.java:821)
	at org.testng.internal.Invoker.invokeTestMethods(Invoker.java:1131)
	at org.testng.internal.TestMethodWorker.invokeTestMethods(TestMethodWorker.java:124)
	at org.testng.internal.TestMethodWorker.run(TestMethodWorker.java:108)
	at org.testng.TestRunner.privateRun(TestRunner.java:773)
	at org.testng.TestRunner.run(TestRunner.java:623)
	at org.testng.SuiteRunner.runTest(SuiteRunner.java:357)
	at org.testng.SuiteRunner.runSequentially(SuiteRunner.java:352)
	at org.testng.SuiteRunner.privateRun(SuiteRunner.java:310)
	at org.testng.SuiteRunner.run(SuiteRunner.java:259)
	at org.testng.SuiteRunnerWorker.runSuite(SuiteRunnerWorker.java:52)
	at org.testng.SuiteRunnerWorker.run(SuiteRunnerWorker.java:86)
	at org.testng.TestNG.runSuitesSequentially(TestNG.java:1185)
	at org.testng.TestNG.runSuitesLocally(TestNG.java:1110)
	at org.testng.TestNG.run(TestNG.java:1018)
	at org.testng.remote.RemoteTestNG.run(RemoteTestNG.java:111)
	at org.testng.remote.RemoteTestNG.initAndRun(RemoteTestNG.java:204)
	at org.testng.remote.RemoteTestNG.main(RemoteTestNG.java:175)
]]>
            </full-stacktrace>
          </exception> <!-- org.sikuli.script.FindFailed -->
          <reporter-output>
          </reporter-output>
        </test-method> <!-- MailWithAttachemnt -->
      </class> <!-- Sikuli_WindowsConcpets.Sukuli_Mail_Attachment -->
    </test> <!-- Default test -->
  </suite> <!-- Default suite -->
</testng-results>
